Copyright 1986-2015 Xilinx, Inc. All Rights Reserved.
--------------------------------------------------------------------------------------
| Tool Version : Vivado v.2015.2 (win64) Build 1266856 Fri Jun 26 16:35:25 MDT 2015
| Date         : Thu Oct 05 17:45:09 2017
| Host         : vanbasten running 64-bit Service Pack 1  (build 7601)
| Command      : report_control_sets -verbose -file mp3player_control_sets_placed.rpt
| Design       : mp3player
| Device       : xc7a100t
--------------------------------------------------------------------------------------

Control Set Information

Table of Contents
-----------------
1. Summary
2. Flip-Flop Distribution
3. Detailed Control Set Information

1. Summary
----------

+-------------------------------------------------------------------+-------+
|                               Status                              | Count |
+-------------------------------------------------------------------+-------+
| Number of unique control sets                                     |     2 |
| Minimum Number of register sites lost to control set restrictions |     4 |
+-------------------------------------------------------------------+-------+


2. Flip-Flop Distribution
-------------------------

+--------------+-----------------------+------------------------+-----------------+--------------+
| Clock Enable | Synchronous Set/Reset | Asynchronous Set/Reset | Total Registers | Total Slices |
+--------------+-----------------------+------------------------+-----------------+--------------+
| No           | No                    | No                     |               8 |            2 |
| No           | No                    | Yes                    |               0 |            0 |
| No           | Yes                   | No                     |               0 |            0 |
| Yes          | No                    | No                     |               0 |            0 |
| Yes          | No                    | Yes                    |               0 |            0 |
| Yes          | Yes                   | No                     |               4 |            2 |
+--------------+-----------------------+------------------------+-----------------+--------------+


3. Detailed Control Set Information
-----------------------------------

+------------------+------------------------------+------------------+------------------+----------------+
|   Clock Signal   |         Enable Signal        | Set/Reset Signal | Slice Load Count | Bel Load Count |
+------------------+------------------------------+------------------+------------------+----------------+
|  CLOCK_IBUF_BUFG | Icpt_1_9/compteur[3]_i_1_n_0 | RESET_IBUF       |                2 |              4 |
|  CLOCK_IBUF_BUFG |                              |                  |                2 |              8 |
+------------------+------------------------------+------------------+------------------+----------------+


