Copyright 1986-2015 Xilinx, Inc. All Rights Reserved.
-----------------------------------------------------------------------------------------------------------------
| Tool Version     : Vivado v.2015.2 (win64) Build 1266856 Fri Jun 26 16:35:25 MDT 2015
| Date             : Wed Oct 25 12:16:46 2017
| Host             : charlton running 64-bit Service Pack 1  (build 7601)
| Command          : report_power -file mp3player_power_routed.rpt -pb mp3player_power_summary_routed.pb
| Design           : mp3player
| Device           : xc7a100tcsg324-1
| Design State     : Routed
| Grade            : commercial
| Process          : typical
| Characterization : Production
-----------------------------------------------------------------------------------------------------------------

Power Report

Table of Contents
-----------------
1. Summary
1.1 On-Chip Components
1.2 Power Supply Summary
1.3 Confidence Level
2. Settings
2.1 Environment
2.2 Clock Constraints
3. Detailed Reports
3.1 By Hierarchy

1. Summary
----------

+--------------------------+-------+
| Total On-Chip Power (W)  | 0.162 |
| Dynamic (W)              | 0.060 |
| Device Static (W)        | 0.101 |
| Effective TJA (C/W)      | 4.6   |
| Max Ambient (C)          | 84.3  |
| Junction Temperature (C) | 25.7  |
| Confidence Level         | Low   |
| Setting File             | ---   |
| Simulation Activity File | ---   |
| Design Nets Matched      | NA    |
+--------------------------+-------+


1.1 On-Chip Components
----------------------

+----------------+-----------+----------+-----------+-----------------+
| On-Chip        | Power (W) | Used     | Available | Utilization (%) |
+----------------+-----------+----------+-----------+-----------------+
| Clocks         |     0.005 |        3 |       --- |             --- |
| Slice Logic    |     0.001 |     1416 |       --- |             --- |
|   LUT as Logic |     0.001 |      929 |     63400 |            1.47 |
|   CARRY4       |    <0.001 |      109 |     15850 |            0.69 |
|   Register     |    <0.001 |      212 |    126800 |            0.17 |
|   F7/F8 Muxes  |    <0.001 |        8 |     63400 |            0.01 |
|   Others       |     0.000 |       35 |       --- |             --- |
| Signals        |     0.007 |     1278 |       --- |             --- |
| Block RAM      |     0.044 |       88 |       135 |           65.19 |
| I/O            |     0.003 |       26 |       210 |           12.38 |
| Static Power   |     0.101 |          |           |                 |
| Total          |     0.162 |          |           |                 |
+----------------+-----------+----------+-----------+-----------------+


1.2 Power Supply Summary
------------------------

+-----------+-------------+-----------+-------------+------------+
| Source    | Voltage (V) | Total (A) | Dynamic (A) | Static (A) |
+-----------+-------------+-----------+-------------+------------+
| Vccint    |       1.000 |     0.071 |       0.054 |      0.017 |
| Vccaux    |       1.800 |     0.018 |       0.000 |      0.018 |
| Vcco33    |       3.300 |     0.005 |       0.001 |      0.004 |
| Vcco25    |       2.500 |     0.000 |       0.000 |      0.000 |
| Vcco18    |       1.800 |     0.000 |       0.000 |      0.000 |
| Vcco15    |       1.500 |     0.000 |       0.000 |      0.000 |
| Vcco135   |       1.350 |     0.000 |       0.000 |      0.000 |
| Vcco12    |       1.200 |     0.000 |       0.000 |      0.000 |
| Vccaux_io |       1.800 |     0.000 |       0.000 |      0.000 |
| Vccbram   |       1.000 |     0.006 |       0.003 |      0.002 |
| MGTAVcc   |       1.000 |     0.000 |       0.000 |      0.000 |
| MGTAVtt   |       1.200 |     0.000 |       0.000 |      0.000 |
| Vccadc    |       1.800 |     0.020 |       0.000 |      0.020 |
+-----------+-------------+-----------+-------------+------------+


1.3 Confidence Level
--------------------

+-----------------------------+------------+--------------------------------------------------------+------------------------------------------------------------------------------------------------------------+
| User Input Data             | Confidence | Details                                                | Action                                                                                                     |
+-----------------------------+------------+--------------------------------------------------------+------------------------------------------------------------------------------------------------------------+
| Design implementation state | High       | Design is routed                                       |                                                                                                            |
| Clock nodes activity        | High       | User specified more than 95% of clocks                 |                                                                                                            |
| I/O nodes activity          | Low        | More than 75% of inputs are missing user specification | Provide missing input activity with simulation results or by editing the "By Resource Type -> I/Os" view   |
| Internal nodes activity     | Medium     | User specified less than 25% of internal nodes         | Provide missing internal nodes activity with simulation results or by editing the "By Resource Type" views |
| Device models               | High       | Device models are Production                           |                                                                                                            |
|                             |            |                                                        |                                                                                                            |
| Overall confidence level    | Low        |                                                        |                                                                                                            |
+-----------------------------+------------+--------------------------------------------------------+------------------------------------------------------------------------------------------------------------+


2. Settings
-----------

2.1 Environment
---------------

+-----------------------+--------------------------+
| Ambient Temp (C)      | 25.0                     |
| ThetaJA (C/W)         | 4.6                      |
| Airflow (LFM)         | 250                      |
| Heat Sink             | medium (Medium Profile)  |
| ThetaSA (C/W)         | 4.6                      |
| Board Selection       | medium (10"x10")         |
| # of Board Layers     | 12to15 (12 to 15 Layers) |
| Board Temperature (C) | 25.0                     |
+-----------------------+--------------------------+


2.2 Clock Constraints
---------------------

+-------------+--------+-----------------+
| Clock       | Domain | Constraint (ns) |
+-------------+--------+-----------------+
| sys_clk_pin | CLOCK  |            10.0 |
+-------------+--------+-----------------+


3. Detailed Reports
-------------------

3.1 By Hierarchy
----------------

+---------------------+-----------+
| Name                | Power (W) |
+---------------------+-----------+
| mp3player           |     0.060 |
|   Icpt_1_599        |    <0.001 |
|   Icpt_1_9          |    <0.001 |
|   Ifsm_mp3          |    <0.001 |
|   Igestion_freq     |     0.001 |
|   Imod8             |    <0.001 |
|   Reg_B_center      |    <0.001 |
|   Reg_B_down        |    <0.001 |
|   Reg_B_left        |    <0.001 |
|   Reg_B_right       |    <0.001 |
|   Reg_B_up          |    <0.001 |
|   lecteur           |     0.055 |
|     Icmp_addr       |     0.006 |
|     Ifull_UART_recv |     0.002 |
|       counter       |    <0.001 |
|       merger        |    <0.001 |
|       receiver      |     0.001 |
|     Ihorloge_44100  |    <0.001 |
|     Ipwm            |    <0.001 |
|     Iwav_rom        |     0.046 |
|   trans             |    <0.001 |
+---------------------+-----------+


