#-----------------------------------------------------------
# Vivado v2015.2 (64-bit)
# SW Build 1266856 on Fri Jun 26 16:35:25 MDT 2015
# IP Build 1264090 on Wed Jun 24 14:22:01 MDT 2015
# Start of session at: Wed Oct 18 11:58:45 2017
# Process ID: 7092
# Log file: C:/Users/hpoupard/Desktop/projet_lecteur_4/vivado.log
# Journal file: C:/Users/hpoupard/Desktop/projet_lecteur_4\vivado.jou
#-----------------------------------------------------------
start_gui
open_project C:/Users/hpoupard/Desktop/projet_lecteur_4/projet_lecteur_4.xpr
Scanning sources...
Finished scanning sources
INFO: [IP_Flow 19-234] Refreshing IP repositories
INFO: [IP_Flow 19-1704] No user IP repositories specified
INFO: [IP_Flow 19-2313] Loaded Vivado IP repository 'C:/Xilinx/Vivado/2015.2/data/ip'.
open_project: Time (s): cpu = 00:00:10 ; elapsed = 00:00:05 . Memory (MB): peak = 721.977 ; gain = 157.246
reset_run synth_1
launch_runs synth_1 -jobs 4
INFO: [HDL 9-1061] Parsing VHDL file "C:/Users/hpoupard/Desktop/projet_lecteur_4/projet_lecteur_4.srcs/sources_1/new/cpt_1_599.vhd" into library xil_defaultlib [C:/Users/hpoupard/Desktop/projet_lecteur_4/projet_lecteur_4.srcs/sources_1/new/cpt_1_599.vhd:1]
INFO: [HDL 9-1061] Parsing VHDL file "C:/Users/hpoupard/Desktop/projet_lecteur_4/projet_lecteur_4.srcs/sources_1/new/cpt_1_9.vhd" into library xil_defaultlib [C:/Users/hpoupard/Desktop/projet_lecteur_4/projet_lecteur_4.srcs/sources_1/new/cpt_1_9.vhd:1]
INFO: [HDL 9-1061] Parsing VHDL file "C:/Users/hpoupard/Desktop/projet_lecteur_4/projet_lecteur_4.srcs/sources_1/new/detect_impulsion.vhd" into library xil_defaultlib [C:/Users/hpoupard/Desktop/projet_lecteur_4/projet_lecteur_4.srcs/sources_1/new/detect_impulsion.vhd:1]
INFO: [HDL 9-1061] Parsing VHDL file "C:/Users/hpoupard/Desktop/projet_lecteur_4/projet_lecteur_4.srcs/sources_1/new/fsm_mp3.vhd" into library xil_defaultlib [C:/Users/hpoupard/Desktop/projet_lecteur_4/projet_lecteur_4.srcs/sources_1/new/fsm_mp3.vhd:1]
INFO: [HDL 9-1061] Parsing VHDL file "C:/Users/hpoupard/Desktop/projet_lecteur_4/projet_lecteur_4.srcs/sources_1/new/gestion_freq.vhd" into library xil_defaultlib [C:/Users/hpoupard/Desktop/projet_lecteur_4/projet_lecteur_4.srcs/sources_1/new/gestion_freq.vhd:1]
INFO: [HDL 9-1061] Parsing VHDL file "C:/Users/hpoupard/Desktop/projet_lecteur_4/projet_lecteur_4.srcs/sources_1/new/mod8.vhd" into library xil_defaultlib [C:/Users/hpoupard/Desktop/projet_lecteur_4/projet_lecteur_4.srcs/sources_1/new/mod8.vhd:1]
INFO: [HDL 9-1061] Parsing VHDL file "C:/Users/hpoupard/Desktop/projet_lecteur_4/projet_lecteur_4.srcs/sources_1/new/mp3player.vhd" into library xil_defaultlib [C:/Users/hpoupard/Desktop/projet_lecteur_4/projet_lecteur_4.srcs/sources_1/new/mp3player.vhd:1]
INFO: [HDL 9-1061] Parsing VHDL file "C:/Users/hpoupard/Desktop/projet_lecteur_4/projet_lecteur_4.srcs/sources_1/new/mux8.vhd" into library xil_defaultlib [C:/Users/hpoupard/Desktop/projet_lecteur_4/projet_lecteur_4.srcs/sources_1/new/mux8.vhd:1]
INFO: [HDL 9-1061] Parsing VHDL file "C:/Users/hpoupard/Desktop/projet_lecteur_4/projet_lecteur_4.srcs/sources_1/new/transcodeur.vhd" into library xil_defaultlib [C:/Users/hpoupard/Desktop/projet_lecteur_4/projet_lecteur_4.srcs/sources_1/new/transcodeur.vhd:1]
[Wed Oct 18 11:59:12 2017] Launched synth_1...
Run output will be captured here: C:/Users/hpoupard/Desktop/projet_lecteur_4/projet_lecteur_4.runs/synth_1/runme.log
launch_runs impl_1 -jobs 4
[Wed Oct 18 11:59:40 2017] Launched impl_1...
Run output will be captured here: C:/Users/hpoupard/Desktop/projet_lecteur_4/projet_lecteur_4.runs/impl_1/runme.log
launch_runs impl_1 -to_step write_bitstream -jobs 4
[Wed Oct 18 12:00:35 2017] Launched impl_1...
Run output will be captured here: C:/Users/hpoupard/Desktop/projet_lecteur_4/projet_lecteur_4.runs/impl_1/runme.log
open_hw
ERROR: [Labtools 27-1429] XML parser encountered a problem in file C:/Users/hpoupard/Desktop/projet_lecteur_4/projet_lecteur_4.hw/hw_1/hw.xml at line 7 : Unexpected attribute
open_hw
ERROR: [Labtools 27-1429] XML parser encountered a problem in file C:/Users/hpoupard/Desktop/projet_lecteur_4/projet_lecteur_4.hw/hw_1/hw.xml at line 7 : Unexpected attribute
exit
INFO: [Common 17-206] Exiting Vivado at Wed Oct 18 12:01:27 2017...
