
*** Running vivado
    with args -log top_module.vds -m64 -mode batch -messageDb vivado.pb -notrace -source top_module.tcl


****** Vivado v2015.2 (64-bit)
  **** SW Build 1266856 on Fri Jun 26 16:35:25 MDT 2015
  **** IP Build 1264090 on Wed Jun 24 14:22:01 MDT 2015
    ** Copyright 1986-2015 Xilinx, Inc. All Rights Reserved.

source top_module.tcl -notrace
Command: synth_design -top top_module -part xc7a100tcsg324-1
Starting synth_design
Attempting to get a license for feature 'Synthesis' and/or device 'xc7a100t'
INFO: [Common 17-349] Got license for feature 'Synthesis' and/or device 'xc7a100t'
---------------------------------------------------------------------------------
Starting RTL Elaboration : Time (s): cpu = 00:00:03 ; elapsed = 00:00:04 . Memory (MB): peak = 265.586 ; gain = 86.305
---------------------------------------------------------------------------------
INFO: [Synth 8-638] synthesizing module 'top_module' [C:/Users/hpoupard/Desktop/space_invaders/space_invaders.srcs/sources_1/new/top_module.vhd:44]
INFO: [Synth 8-3491] module 'charg_memoire' declared at 'C:/Users/hpoupard/Desktop/space_invaders/space_invaders.srcs/sources_1/new/charg_memoire.vhd:34' bound to instance 'cm' of component 'charg_memoire' [C:/Users/hpoupard/Desktop/space_invaders/space_invaders.srcs/sources_1/new/top_module.vhd:77]
INFO: [Synth 8-638] synthesizing module 'charg_memoire' [C:/Users/hpoupard/Desktop/space_invaders/space_invaders.srcs/sources_1/new/charg_memoire.vhd:42]
INFO: [Synth 8-256] done synthesizing module 'charg_memoire' (1#1) [C:/Users/hpoupard/Desktop/space_invaders/space_invaders.srcs/sources_1/new/charg_memoire.vhd:42]
	Parameter bit_per_pixel bound to: 6 - type: integer 
	Parameter grayscale bound to: 0 - type: bool 
INFO: [Synth 8-3491] module 'vga_640_480' declared at 'C:/Users/hpoupard/Desktop/space_invaders/space_invaders.srcs/sources_1/new/vga_640_480.vhd:26' bound to instance 'vga' of component 'vga_640_480' [C:/Users/hpoupard/Desktop/space_invaders/space_invaders.srcs/sources_1/new/top_module.vhd:86]
INFO: [Synth 8-638] synthesizing module 'vga_640_480' [C:/Users/hpoupard/Desktop/space_invaders/space_invaders.srcs/sources_1/new/vga_640_480.vhd:43]
	Parameter bit_per_pixel bound to: 6 - type: integer 
	Parameter grayscale bound to: 0 - type: bool 
INFO: [Synth 8-256] done synthesizing module 'vga_640_480' (2#1) [C:/Users/hpoupard/Desktop/space_invaders/space_invaders.srcs/sources_1/new/vga_640_480.vhd:43]
INFO: [Synth 8-256] done synthesizing module 'top_module' (3#1) [C:/Users/hpoupard/Desktop/space_invaders/space_invaders.srcs/sources_1/new/top_module.vhd:44]
---------------------------------------------------------------------------------
Finished RTL Elaboration : Time (s): cpu = 00:00:04 ; elapsed = 00:00:05 . Memory (MB): peak = 328.930 ; gain = 149.648
---------------------------------------------------------------------------------

Report Check Netlist: 
+------+------------------+-------+---------+-------+------------------+
|      |Item              |Errors |Warnings |Status |Description       |
+------+------------------+-------+---------+-------+------------------+
|1     |multi_driven_nets |      0|        0|Passed |Multi driven nets |
+------+------------------+-------+---------+-------+------------------+
---------------------------------------------------------------------------------
Finished RTL Optimization Phase 1 : Time (s): cpu = 00:00:04 ; elapsed = 00:00:05 . Memory (MB): peak = 328.930 ; gain = 149.648
---------------------------------------------------------------------------------
INFO: [Device 21-403] Loading part xc7a100tcsg324-1
INFO: [Project 1-570] Preparing netlist for logic optimization

Processing XDC Constraints
Initializing timing engine
Parsing XDC File [C:/Users/hpoupard/Desktop/space_invaders/space_invaders.srcs/constrs_1/new/contrainte.xdc]
Finished Parsing XDC File [C:/Users/hpoupard/Desktop/space_invaders/space_invaders.srcs/constrs_1/new/contrainte.xdc]
Completed Processing XDC Constraints

INFO: [Project 1-111] Unisim Transformation Summary:
No Unisim elements were transformed.

Constraint Validation Runtime : Time (s): cpu = 00:00:00 ; elapsed = 00:00:00 . Memory (MB): peak = 609.320 ; gain = 0.000
---------------------------------------------------------------------------------
Finished Constraint Validation : Time (s): cpu = 00:00:09 ; elapsed = 00:00:10 . Memory (MB): peak = 609.320 ; gain = 430.039
---------------------------------------------------------------------------------
---------------------------------------------------------------------------------
Start Loading Part and Timing Information
---------------------------------------------------------------------------------
Loading part: xc7a100tcsg324-1
---------------------------------------------------------------------------------
Finished Loading Part and Timing Information : Time (s): cpu = 00:00:09 ; elapsed = 00:00:10 . Memory (MB): peak = 609.320 ; gain = 430.039
---------------------------------------------------------------------------------
---------------------------------------------------------------------------------
Start Applying 'set_property' XDC Constraints
---------------------------------------------------------------------------------
incorrect argument "-dict" for "set_property" at line 7 of file C:/Users/hpoupard/Desktop/space_invaders/space_invaders.srcs/constrs_1/new/contrainte.xdc
incorrect set of required parameters for "set_property" at line 7 of file C:/Users/hpoupard/Desktop/space_invaders/space_invaders.srcs/constrs_1/new/contrainte.xdc
---------------------------------------------------------------------
Usage:
  set_property
    [-help]
    [-quiet]
    attribute
    value
    object
    [{>|>>} <stdoutFile>]
---------------------------------------------------------------------
incorrect argument "-dict" for "set_property" at line 82 of file C:/Users/hpoupard/Desktop/space_invaders/space_invaders.srcs/constrs_1/new/contrainte.xdc
incorrect set of required parameters for "set_property" at line 82 of file C:/Users/hpoupard/Desktop/space_invaders/space_invaders.srcs/constrs_1/new/contrainte.xdc
---------------------------------------------------------------------
Usage:
  set_property
    [-help]
    [-quiet]
    attribute
    value
    object
    [{>|>>} <stdoutFile>]
---------------------------------------------------------------------
incorrect argument "-dict" for "set_property" at line 156 of file C:/Users/hpoupard/Desktop/space_invaders/space_invaders.srcs/constrs_1/new/contrainte.xdc
incorrect set of required parameters for "set_property" at line 156 of file C:/Users/hpoupard/Desktop/space_invaders/space_invaders.srcs/constrs_1/new/contrainte.xdc
---------------------------------------------------------------------
Usage:
  set_property
    [-help]
    [-quiet]
    attribute
    value
    object
    [{>|>>} <stdoutFile>]
---------------------------------------------------------------------
incorrect argument "-dict" for "set_property" at line 157 of file C:/Users/hpoupard/Desktop/space_invaders/space_invaders.srcs/constrs_1/new/contrainte.xdc
incorrect set of required parameters for "set_property" at line 157 of file C:/Users/hpoupard/Desktop/space_invaders/space_invaders.srcs/constrs_1/new/contrainte.xdc
---------------------------------------------------------------------
Usage:
  set_property
    [-help]
    [-quiet]
    attribute
    value
    object
    [{>|>>} <stdoutFile>]
---------------------------------------------------------------------
incorrect argument "-dict" for "set_property" at line 158 of file C:/Users/hpoupard/Desktop/space_invaders/space_invaders.srcs/constrs_1/new/contrainte.xdc
incorrect set of required parameters for "set_property" at line 158 of file C:/Users/hpoupard/Desktop/space_invaders/space_invaders.srcs/constrs_1/new/contrainte.xdc
---------------------------------------------------------------------
Usage:
  set_property
    [-help]
    [-quiet]
    attribute
    value
    object
    [{>|>>} <stdoutFile>]
---------------------------------------------------------------------
incorrect argument "-dict" for "set_property" at line 159 of file C:/Users/hpoupard/Desktop/space_invaders/space_invaders.srcs/constrs_1/new/contrainte.xdc
incorrect set of required parameters for "set_property" at line 159 of file C:/Users/hpoupard/Desktop/space_invaders/space_invaders.srcs/constrs_1/new/contrainte.xdc
---------------------------------------------------------------------
Usage:
  set_property
    [-help]
    [-quiet]
    attribute
    value
    object
    [{>|>>} <stdoutFile>]
---------------------------------------------------------------------
incorrect argument "-dict" for "set_property" at line 161 of file C:/Users/hpoupard/Desktop/space_invaders/space_invaders.srcs/constrs_1/new/contrainte.xdc
incorrect set of required parameters for "set_property" at line 161 of file C:/Users/hpoupard/Desktop/space_invaders/space_invaders.srcs/constrs_1/new/contrainte.xdc
---------------------------------------------------------------------
Usage:
  set_property
    [-help]
    [-quiet]
    attribute
    value
    object
    [{>|>>} <stdoutFile>]
---------------------------------------------------------------------
incorrect argument "-dict" for "set_property" at line 162 of file C:/Users/hpoupard/Desktop/space_invaders/space_invaders.srcs/constrs_1/new/contrainte.xdc
incorrect set of required parameters for "set_property" at line 162 of file C:/Users/hpoupard/Desktop/space_invaders/space_invaders.srcs/constrs_1/new/contrainte.xdc
---------------------------------------------------------------------
Usage:
  set_property
    [-help]
    [-quiet]
    attribute
    value
    object
    [{>|>>} <stdoutFile>]
---------------------------------------------------------------------
incorrect argument "-dict" for "set_property" at line 163 of file C:/Users/hpoupard/Desktop/space_invaders/space_invaders.srcs/constrs_1/new/contrainte.xdc
incorrect set of required parameters for "set_property" at line 163 of file C:/Users/hpoupard/Desktop/space_invaders/space_invaders.srcs/constrs_1/new/contrainte.xdc
---------------------------------------------------------------------
Usage:
  set_property
    [-help]
    [-quiet]
    attribute
    value
    object
    [{>|>>} <stdoutFile>]
---------------------------------------------------------------------
incorrect argument "-dict" for "set_property" at line 164 of file C:/Users/hpoupard/Desktop/space_invaders/space_invaders.srcs/constrs_1/new/contrainte.xdc
incorrect set of required parameters for "set_property" at line 164 of file C:/Users/hpoupard/Desktop/space_invaders/space_invaders.srcs/constrs_1/new/contrainte.xdc
---------------------------------------------------------------------
Usage:
  set_property
    [-help]
    [-quiet]
    attribute
    value
    object
    [{>|>>} <stdoutFile>]
---------------------------------------------------------------------
incorrect argument "-dict" for "set_property" at line 166 of file C:/Users/hpoupard/Desktop/space_invaders/space_invaders.srcs/constrs_1/new/contrainte.xdc
incorrect set of required parameters for "set_property" at line 166 of file C:/Users/hpoupard/Desktop/space_invaders/space_invaders.srcs/constrs_1/new/contrainte.xdc
---------------------------------------------------------------------
Usage:
  set_property
    [-help]
    [-quiet]
    attribute
    value
    object
    [{>|>>} <stdoutFile>]
---------------------------------------------------------------------
incorrect argument "-dict" for "set_property" at line 167 of file C:/Users/hpoupard/Desktop/space_invaders/space_invaders.srcs/constrs_1/new/contrainte.xdc
incorrect set of required parameters for "set_property" at line 167 of file C:/Users/hpoupard/Desktop/space_invaders/space_invaders.srcs/constrs_1/new/contrainte.xdc
---------------------------------------------------------------------
Usage:
  set_property
    [-help]
    [-quiet]
    attribute
    value
    object
    [{>|>>} <stdoutFile>]
---------------------------------------------------------------------
incorrect argument "-dict" for "set_property" at line 168 of file C:/Users/hpoupard/Desktop/space_invaders/space_invaders.srcs/constrs_1/new/contrainte.xdc
incorrect set of required parameters for "set_property" at line 168 of file C:/Users/hpoupard/Desktop/space_invaders/space_invaders.srcs/constrs_1/new/contrainte.xdc
---------------------------------------------------------------------
Usage:
  set_property
    [-help]
    [-quiet]
    attribute
    value
    object
    [{>|>>} <stdoutFile>]
---------------------------------------------------------------------
incorrect argument "-dict" for "set_property" at line 169 of file C:/Users/hpoupard/Desktop/space_invaders/space_invaders.srcs/constrs_1/new/contrainte.xdc
incorrect set of required parameters for "set_property" at line 169 of file C:/Users/hpoupard/Desktop/space_invaders/space_invaders.srcs/constrs_1/new/contrainte.xdc
---------------------------------------------------------------------
Usage:
  set_property
    [-help]
    [-quiet]
    attribute
    value
    object
    [{>|>>} <stdoutFile>]
---------------------------------------------------------------------
incorrect argument "-dict" for "set_property" at line 171 of file C:/Users/hpoupard/Desktop/space_invaders/space_invaders.srcs/constrs_1/new/contrainte.xdc
incorrect set of required parameters for "set_property" at line 171 of file C:/Users/hpoupard/Desktop/space_invaders/space_invaders.srcs/constrs_1/new/contrainte.xdc
---------------------------------------------------------------------
Usage:
  set_property
    [-help]
    [-quiet]
    attribute
    value
    object
    [{>|>>} <stdoutFile>]
---------------------------------------------------------------------
incorrect argument "-dict" for "set_property" at line 172 of file C:/Users/hpoupard/Desktop/space_invaders/space_invaders.srcs/constrs_1/new/contrainte.xdc
incorrect set of required parameters for "set_property" at line 172 of file C:/Users/hpoupard/Desktop/space_invaders/space_invaders.srcs/constrs_1/new/contrainte.xdc
---------------------------------------------------------------------
Usage:
  set_property
    [-help]
    [-quiet]
    attribute
    value
    object
    [{>|>>} <stdoutFile>]
---------------------------------------------------------------------
---------------------------------------------------------------------------------
Finished applying 'set_property' XDC Constraints : Time (s): cpu = 00:00:09 ; elapsed = 00:00:10 . Memory (MB): peak = 609.320 ; gain = 430.039
---------------------------------------------------------------------------------
INFO: [Synth 8-4471] merging register 's_blue_reg[1:0]' into 's_green_reg[1:0]' [C:/Users/hpoupard/Desktop/space_invaders/space_invaders.srcs/sources_1/new/charg_memoire.vhd:58]
INFO: [Synth 8-5546] ROM "s_addr" won't be mapped to RAM because it is too sparse
INFO: [Synth 8-5546] ROM "VGA_vs" won't be mapped to RAM because it is too sparse
INFO: [Synth 8-5546] ROM "TOP_display" won't be mapped to RAM because it is too sparse
INFO: [Synth 8-5546] ROM "VGA_hs" won't be mapped to RAM because it is too sparse
INFO: [Synth 8-5546] ROM "TOP_line" won't be mapped to RAM because it is too sparse
INFO: [Synth 8-5546] ROM "v_counter" won't be mapped to RAM because it is too sparse
---------------------------------------------------------------------------------
Finished RTL Optimization Phase 2 : Time (s): cpu = 00:00:09 ; elapsed = 00:00:10 . Memory (MB): peak = 609.320 ; gain = 430.039
---------------------------------------------------------------------------------

Report RTL Partitions: 
+-+--------------+------------+----------+
| |RTL Partition |Replication |Instances |
+-+--------------+------------+----------+
+-+--------------+------------+----------+
---------------------------------------------------------------------------------
Start RTL Component Statistics 
---------------------------------------------------------------------------------
Detailed RTL Component Info : 
+---Adders : 
	   2 Input     19 Bit       Adders := 1     
	   2 Input     16 Bit       Adders := 1     
	   2 Input     12 Bit       Adders := 1     
	   2 Input     10 Bit       Adders := 1     
	   2 Input      2 Bit       Adders := 1     
+---Registers : 
	               16 Bit    Registers := 1     
	               12 Bit    Registers := 1     
	               10 Bit    Registers := 1     
	                6 Bit    Registers := 2     
	                4 Bit    Registers := 3     
	                2 Bit    Registers := 2     
	                1 Bit    Registers := 5     
+---RAMs : 
	            1800K Bit         RAMs := 1     
+---Muxes : 
	   2 Input      1 Bit        Muxes := 2     
---------------------------------------------------------------------------------
Finished RTL Component Statistics 
---------------------------------------------------------------------------------
---------------------------------------------------------------------------------
Start RTL Hierarchical Component Statistics 
---------------------------------------------------------------------------------
Hierarchical RTL Component report 
Module charg_memoire 
Detailed RTL Component Info : 
+---Adders : 
	   2 Input     16 Bit       Adders := 1     
	   2 Input      2 Bit       Adders := 1     
+---Registers : 
	               16 Bit    Registers := 1     
	                2 Bit    Registers := 2     
	                1 Bit    Registers := 1     
Module vga_640_480 
Detailed RTL Component Info : 
+---Adders : 
	   2 Input     19 Bit       Adders := 1     
	   2 Input     12 Bit       Adders := 1     
	   2 Input     10 Bit       Adders := 1     
+---Registers : 
	               12 Bit    Registers := 1     
	               10 Bit    Registers := 1     
	                6 Bit    Registers := 2     
	                4 Bit    Registers := 3     
	                1 Bit    Registers := 4     
+---RAMs : 
	            1800K Bit         RAMs := 1     
+---Muxes : 
	   2 Input      1 Bit        Muxes := 2     
---------------------------------------------------------------------------------
Finished RTL Hierarchical Component Statistics
---------------------------------------------------------------------------------
---------------------------------------------------------------------------------
Start Part Resource Summary
---------------------------------------------------------------------------------
Part Resources:
DSPs: 240 (col length:80)
BRAMs: 270 (col length: RAMB18 80 RAMB36 40)
---------------------------------------------------------------------------------
Finished Part Resource Summary
---------------------------------------------------------------------------------
Start Parallel Synthesis Optimization  : Time (s): cpu = 00:00:09 ; elapsed = 00:00:11 . Memory (MB): peak = 609.320 ; gain = 430.039
---------------------------------------------------------------------------------
Start Cross Boundary Optimization
---------------------------------------------------------------------------------
INFO: [Synth 8-5546] ROM "cm/s_addr" won't be mapped to RAM because it is too sparse
INFO: [Synth 8-5546] ROM "vga/VGA_hs" won't be mapped to RAM because it is too sparse
INFO: [Synth 8-5546] ROM "vga/v_counter" won't be mapped to RAM because it is too sparse
INFO: [Synth 8-5546] ROM "vga/VGA_vs" won't be mapped to RAM because it is too sparse
INFO: [Synth 8-5546] ROM "vga/TOP_line" won't be mapped to RAM because it is too sparse
INFO: [Synth 8-5546] ROM "vga/TOP_display" won't be mapped to RAM because it is too sparse
---------------------------------------------------------------------------------
Finished Cross Boundary Optimization : Time (s): cpu = 00:00:09 ; elapsed = 00:00:11 . Memory (MB): peak = 609.320 ; gain = 430.039
---------------------------------------------------------------------------------
Finished Parallel Reinference  : Time (s): cpu = 00:00:09 ; elapsed = 00:00:11 . Memory (MB): peak = 609.320 ; gain = 430.039

Report RTL Partitions: 
+-+--------------+------------+----------+
| |RTL Partition |Replication |Instances |
+-+--------------+------------+----------+
+-+--------------+------------+----------+
---------------------------------------------------------------------------------
Start ROM, RAM, DSP and Shift Register Reporting
---------------------------------------------------------------------------------

Block RAM:
+------------+----------------+------------------------+---+---+------------------------+---+---+--------------+--------+--------+----------------------+
|Module Name | RTL Object     | PORT A (Depth x Width) | W | R | PORT B (Depth x Width) | W | R | OUT_REG      | RAMB18 | RAMB36 | Hierarchical Name    | 
+------------+----------------+------------------------+---+---+------------------------+---+---+--------------+--------+--------+----------------------+
|top_module  | vga/screen_reg | 512 K x 6(READ_FIRST)  | W |   | 512 K x 6(WRITE_FIRST) |   | R | Port A and B | 0      | 96     | top_module/extram__2 | 
+------------+----------------+------------------------+---+---+------------------------+---+---+--------------+--------+--------+----------------------+

Note: The table shows the Block RAMs at the current stage of the synthesis flow. Some Block RAMs may be reimplemented as non Block RAM primitives later in the synthesis flow. Multiple instantiated Block RAMs are reported only once. "Hierarchical Name" reflects the Block RAM name as it appears in the hierarchical module and only part of it is displayed.
---------------------------------------------------------------------------------
Finished ROM, RAM, DSP and Shift Register Reporting
---------------------------------------------------------------------------------
INFO: [Synth 8-3333] propagating constant 0 across sequential element (\cm/s_green_reg[1] )
WARNING: [Synth 8-3332] Sequential element (\vga/screen_reg_mux_sel ) is unused and will be removed from module top_module.
WARNING: [Synth 8-3332] Sequential element (\vga/screen_reg_mux_sel__0 ) is unused and will be removed from module top_module.
WARNING: [Synth 8-3332] Sequential element (\vga/screen_reg_mux_sel__1 ) is unused and will be removed from module top_module.
WARNING: [Synth 8-3332] Sequential element (\vga/screen_reg_mux_sel__2 ) is unused and will be removed from module top_module.
WARNING: [Synth 8-3332] Sequential element (\vga/screen_reg_mux_sel__3 ) is unused and will be removed from module top_module.
WARNING: [Synth 8-3332] Sequential element (\vga/screen_reg_mux_sel__4 ) is unused and will be removed from module top_module.
WARNING: [Synth 8-3332] Sequential element (\vga/screen_reg_mux_sel__5 ) is unused and will be removed from module top_module.
WARNING: [Synth 8-3332] Sequential element (\vga/screen_reg_mux_sel__6 ) is unused and will be removed from module top_module.
WARNING: [Synth 8-3332] Sequential element (\vga/screen_reg_mux_sel__7 ) is unused and will be removed from module top_module.
WARNING: [Synth 8-3332] Sequential element (\vga/screen_reg_mux_sel__8 ) is unused and will be removed from module top_module.
WARNING: [Synth 8-3332] Sequential element (\vga/screen_reg_mux_sel__9 ) is unused and will be removed from module top_module.
WARNING: [Synth 8-3332] Sequential element (\vga/screen_reg_mux_sel__11 ) is unused and will be removed from module top_module.
WARNING: [Synth 8-3332] Sequential element (\vga/screen_reg_mux_sel__12 ) is unused and will be removed from module top_module.
WARNING: [Synth 8-3332] Sequential element (\vga/screen_reg_mux_sel__13 ) is unused and will be removed from module top_module.
WARNING: [Synth 8-3332] Sequential element (\vga/screen_reg_mux_sel__14 ) is unused and will be removed from module top_module.
WARNING: [Synth 8-3332] Sequential element (\vga/screen_reg_mux_sel__15 ) is unused and will be removed from module top_module.
WARNING: [Synth 8-3332] Sequential element (\vga/screen_reg_mux_sel__16 ) is unused and will be removed from module top_module.
WARNING: [Synth 8-3332] Sequential element (\vga/screen_reg_mux_sel__17 ) is unused and will be removed from module top_module.
WARNING: [Synth 8-3332] Sequential element (\vga/screen_reg_mux_sel__18 ) is unused and will be removed from module top_module.
WARNING: [Synth 8-3332] Sequential element (\vga/screen_reg_mux_sel__19 ) is unused and will be removed from module top_module.
WARNING: [Synth 8-3332] Sequential element (\vga/screen_reg_mux_sel__20 ) is unused and will be removed from module top_module.
WARNING: [Synth 8-3332] Sequential element (\vga/screen_reg_mux_sel__21 ) is unused and will be removed from module top_module.
WARNING: [Synth 8-3332] Sequential element (\vga/screen_reg_mux_sel__23 ) is unused and will be removed from module top_module.
WARNING: [Synth 8-3332] Sequential element (\vga/screen_reg_mux_sel__24 ) is unused and will be removed from module top_module.
WARNING: [Synth 8-3332] Sequential element (\vga/screen_reg_mux_sel__25 ) is unused and will be removed from module top_module.
WARNING: [Synth 8-3332] Sequential element (\vga/screen_reg_mux_sel__26 ) is unused and will be removed from module top_module.
WARNING: [Synth 8-3332] Sequential element (\vga/screen_reg_mux_sel__27 ) is unused and will be removed from module top_module.
WARNING: [Synth 8-3332] Sequential element (\vga/screen_reg_mux_sel__28 ) is unused and will be removed from module top_module.
WARNING: [Synth 8-3332] Sequential element (\vga/screen_reg_mux_sel__29 ) is unused and will be removed from module top_module.
WARNING: [Synth 8-3332] Sequential element (\vga/screen_reg_mux_sel__30 ) is unused and will be removed from module top_module.
WARNING: [Synth 8-3332] Sequential element (\vga/screen_reg_mux_sel__31 ) is unused and will be removed from module top_module.
WARNING: [Synth 8-3332] Sequential element (\vga/screen_reg_mux_sel__32 ) is unused and will be removed from module top_module.
WARNING: [Synth 8-3332] Sequential element (\vga/screen_reg_mux_sel__33 ) is unused and will be removed from module top_module.
WARNING: [Synth 8-3332] Sequential element (\vga/screen_reg_mux_sel__35 ) is unused and will be removed from module top_module.
WARNING: [Synth 8-3332] Sequential element (\vga/screen_reg_mux_sel__36 ) is unused and will be removed from module top_module.
WARNING: [Synth 8-3332] Sequential element (\vga/screen_reg_mux_sel__37 ) is unused and will be removed from module top_module.
WARNING: [Synth 8-3332] Sequential element (\vga/screen_reg_mux_sel__38 ) is unused and will be removed from module top_module.
WARNING: [Synth 8-3332] Sequential element (\vga/screen_reg_mux_sel__39 ) is unused and will be removed from module top_module.
WARNING: [Synth 8-3332] Sequential element (\vga/screen_reg_mux_sel__40 ) is unused and will be removed from module top_module.
WARNING: [Synth 8-3332] Sequential element (\vga/screen_reg_mux_sel__41 ) is unused and will be removed from module top_module.
WARNING: [Synth 8-3332] Sequential element (\vga/screen_reg_mux_sel__42 ) is unused and will be removed from module top_module.
WARNING: [Synth 8-3332] Sequential element (\vga/screen_reg_mux_sel__43 ) is unused and will be removed from module top_module.
WARNING: [Synth 8-3332] Sequential element (\vga/screen_reg_mux_sel__44 ) is unused and will be removed from module top_module.
WARNING: [Synth 8-3332] Sequential element (\vga/screen_reg_mux_sel__45 ) is unused and will be removed from module top_module.
WARNING: [Synth 8-3332] Sequential element (\vga/screen_reg_mux_sel__46 ) is unused and will be removed from module top_module.
WARNING: [Synth 8-3332] Sequential element (\vga/screen_reg_mux_sel__47 ) is unused and will be removed from module top_module.
WARNING: [Synth 8-3332] Sequential element (\vga/screen_reg_mux_sel__48 ) is unused and will be removed from module top_module.
WARNING: [Synth 8-3332] Sequential element (\vga/screen_reg_mux_sel__49 ) is unused and will be removed from module top_module.
WARNING: [Synth 8-3332] Sequential element (\vga/screen_reg_mux_sel__50 ) is unused and will be removed from module top_module.
WARNING: [Synth 8-3332] Sequential element (\vga/screen_reg_mux_sel__51 ) is unused and will be removed from module top_module.
WARNING: [Synth 8-3332] Sequential element (\vga/screen_reg_mux_sel__52 ) is unused and will be removed from module top_module.
WARNING: [Synth 8-3332] Sequential element (\vga/screen_reg_mux_sel__53 ) is unused and will be removed from module top_module.
WARNING: [Synth 8-3332] Sequential element (\vga/screen_reg_mux_sel__54 ) is unused and will be removed from module top_module.
WARNING: [Synth 8-3332] Sequential element (\vga/screen_reg_mux_sel__55 ) is unused and will be removed from module top_module.
WARNING: [Synth 8-3332] Sequential element (\vga/screen_reg_mux_sel__56 ) is unused and will be removed from module top_module.
WARNING: [Synth 8-3332] Sequential element (\vga/screen_reg_mux_sel__57 ) is unused and will be removed from module top_module.
WARNING: [Synth 8-3332] Sequential element (\vga/screen_reg_mux_sel__58 ) is unused and will be removed from module top_module.
WARNING: [Synth 8-3332] Sequential element (\vga/screen_reg_mux_sel__59 ) is unused and will be removed from module top_module.
WARNING: [Synth 8-3332] Sequential element (\vga/screen_reg_mux_sel__60 ) is unused and will be removed from module top_module.
WARNING: [Synth 8-3332] Sequential element (\vga/screen_reg_mux_sel__61 ) is unused and will be removed from module top_module.
WARNING: [Synth 8-3332] Sequential element (\vga/screen_reg_mux_sel__62 ) is unused and will be removed from module top_module.
WARNING: [Synth 8-3332] Sequential element (\vga/screen_reg_mux_sel__63 ) is unused and will be removed from module top_module.
WARNING: [Synth 8-3332] Sequential element (\vga/screen_reg_mux_sel__64 ) is unused and will be removed from module top_module.
WARNING: [Synth 8-3332] Sequential element (\vga/screen_reg_mux_sel__65 ) is unused and will be removed from module top_module.
WARNING: [Synth 8-3332] Sequential element (\vga/screen_reg_mux_sel__66 ) is unused and will be removed from module top_module.
WARNING: [Synth 8-3332] Sequential element (\vga/screen_reg_mux_sel__67 ) is unused and will be removed from module top_module.
WARNING: [Synth 8-3332] Sequential element (\vga/screen_reg_mux_sel__68 ) is unused and will be removed from module top_module.
WARNING: [Synth 8-3332] Sequential element (\vga/screen_reg_mux_sel__69 ) is unused and will be removed from module top_module.
WARNING: [Synth 8-3332] Sequential element (\vga/screen_reg_mux_sel__70 ) is unused and will be removed from module top_module.
WARNING: [Synth 8-3332] Sequential element (\vga/screen_reg_mux_sel__71 ) is unused and will be removed from module top_module.
WARNING: [Synth 8-3332] Sequential element (\vga/screen_reg_mux_sel__72 ) is unused and will be removed from module top_module.
WARNING: [Synth 8-3332] Sequential element (\vga/screen_reg_mux_sel__73 ) is unused and will be removed from module top_module.
WARNING: [Synth 8-3332] Sequential element (\vga/screen_reg_mux_sel__74 ) is unused and will be removed from module top_module.
WARNING: [Synth 8-3332] Sequential element (\vga/screen_reg_mux_sel__75 ) is unused and will be removed from module top_module.
WARNING: [Synth 8-3332] Sequential element (\vga/screen_reg_mux_sel__76 ) is unused and will be removed from module top_module.
WARNING: [Synth 8-3332] Sequential element (\vga/screen_reg_mux_sel__77 ) is unused and will be removed from module top_module.
WARNING: [Synth 8-3332] Sequential element (\vga/screen_reg_mux_sel__78 ) is unused and will be removed from module top_module.
WARNING: [Synth 8-3332] Sequential element (\vga/screen_reg_mux_sel__79 ) is unused and will be removed from module top_module.
WARNING: [Synth 8-3332] Sequential element (\vga/screen_reg_mux_sel__80 ) is unused and will be removed from module top_module.
WARNING: [Synth 8-3332] Sequential element (\vga/screen_reg_mux_sel__81 ) is unused and will be removed from module top_module.
WARNING: [Synth 8-3332] Sequential element (\vga/screen_reg_mux_sel__82 ) is unused and will be removed from module top_module.
WARNING: [Synth 8-3332] Sequential element (\cm/s_green_reg[1] ) is unused and will be removed from module top_module.
WARNING: [Synth 8-3332] Sequential element (\cm/s_green_reg[0] ) is unused and will be removed from module top_module.
WARNING: [Synth 8-3332] Sequential element (\vga/VGA_red_reg[1] ) is unused and will be removed from module top_module.
WARNING: [Synth 8-3332] Sequential element (\vga/VGA_red_reg[0] ) is unused and will be removed from module top_module.
WARNING: [Synth 8-3332] Sequential element (\vga/VGA_green_reg[1] ) is unused and will be removed from module top_module.
WARNING: [Synth 8-3332] Sequential element (\vga/VGA_green_reg[0] ) is unused and will be removed from module top_module.
WARNING: [Synth 8-3332] Sequential element (\vga/VGA_blue_reg[1] ) is unused and will be removed from module top_module.
WARNING: [Synth 8-3332] Sequential element (\vga/VGA_blue_reg[0] ) is unused and will be removed from module top_module.
---------------------------------------------------------------------------------
Start Area Optimization
---------------------------------------------------------------------------------
---------------------------------------------------------------------------------
Finished Area Optimization : Time (s): cpu = 00:00:10 ; elapsed = 00:00:11 . Memory (MB): peak = 609.320 ; gain = 430.039
---------------------------------------------------------------------------------
Finished Parallel Area Optimization  : Time (s): cpu = 00:00:10 ; elapsed = 00:00:11 . Memory (MB): peak = 609.320 ; gain = 430.039

Report RTL Partitions: 
+-+--------------+------------+----------+
| |RTL Partition |Replication |Instances |
+-+--------------+------------+----------+
+-+--------------+------------+----------+
Finished Parallel Synthesis Optimization  : Time (s): cpu = 00:00:10 ; elapsed = 00:00:11 . Memory (MB): peak = 609.320 ; gain = 430.039
---------------------------------------------------------------------------------
Start Timing Optimization
---------------------------------------------------------------------------------
---------------------------------------------------------------------------------
Start Applying XDC Timing Constraints
---------------------------------------------------------------------------------
incorrect argument "-dict" for "set_property" at line 7 of file C:/Users/hpoupard/Desktop/space_invaders/space_invaders.srcs/constrs_1/new/contrainte.xdc
incorrect set of required parameters for "set_property" at line 7 of file C:/Users/hpoupard/Desktop/space_invaders/space_invaders.srcs/constrs_1/new/contrainte.xdc
---------------------------------------------------------------------
Usage:
  set_property
    [-help]
    [-quiet]
    attribute
    value
    object
    [{>|>>} <stdoutFile>]
---------------------------------------------------------------------
incorrect argument "-dict" for "set_property" at line 82 of file C:/Users/hpoupard/Desktop/space_invaders/space_invaders.srcs/constrs_1/new/contrainte.xdc
incorrect set of required parameters for "set_property" at line 82 of file C:/Users/hpoupard/Desktop/space_invaders/space_invaders.srcs/constrs_1/new/contrainte.xdc
---------------------------------------------------------------------
Usage:
  set_property
    [-help]
    [-quiet]
    attribute
    value
    object
    [{>|>>} <stdoutFile>]
---------------------------------------------------------------------
incorrect argument "-dict" for "set_property" at line 156 of file C:/Users/hpoupard/Desktop/space_invaders/space_invaders.srcs/constrs_1/new/contrainte.xdc
incorrect set of required parameters for "set_property" at line 156 of file C:/Users/hpoupard/Desktop/space_invaders/space_invaders.srcs/constrs_1/new/contrainte.xdc
---------------------------------------------------------------------
Usage:
  set_property
    [-help]
    [-quiet]
    attribute
    value
    object
    [{>|>>} <stdoutFile>]
---------------------------------------------------------------------
incorrect argument "-dict" for "set_property" at line 157 of file C:/Users/hpoupard/Desktop/space_invaders/space_invaders.srcs/constrs_1/new/contrainte.xdc
incorrect set of required parameters for "set_property" at line 157 of file C:/Users/hpoupard/Desktop/space_invaders/space_invaders.srcs/constrs_1/new/contrainte.xdc
---------------------------------------------------------------------
Usage:
  set_property
    [-help]
    [-quiet]
    attribute
    value
    object
    [{>|>>} <stdoutFile>]
---------------------------------------------------------------------
incorrect argument "-dict" for "set_property" at line 158 of file C:/Users/hpoupard/Desktop/space_invaders/space_invaders.srcs/constrs_1/new/contrainte.xdc
incorrect set of required parameters for "set_property" at line 158 of file C:/Users/hpoupard/Desktop/space_invaders/space_invaders.srcs/constrs_1/new/contrainte.xdc
---------------------------------------------------------------------
Usage:
  set_property
    [-help]
    [-quiet]
    attribute
    value
    object
    [{>|>>} <stdoutFile>]
---------------------------------------------------------------------
incorrect argument "-dict" for "set_property" at line 159 of file C:/Users/hpoupard/Desktop/space_invaders/space_invaders.srcs/constrs_1/new/contrainte.xdc
incorrect set of required parameters for "set_property" at line 159 of file C:/Users/hpoupard/Desktop/space_invaders/space_invaders.srcs/constrs_1/new/contrainte.xdc
---------------------------------------------------------------------
Usage:
  set_property
    [-help]
    [-quiet]
    attribute
    value
    object
    [{>|>>} <stdoutFile>]
---------------------------------------------------------------------
incorrect argument "-dict" for "set_property" at line 161 of file C:/Users/hpoupard/Desktop/space_invaders/space_invaders.srcs/constrs_1/new/contrainte.xdc
incorrect set of required parameters for "set_property" at line 161 of file C:/Users/hpoupard/Desktop/space_invaders/space_invaders.srcs/constrs_1/new/contrainte.xdc
---------------------------------------------------------------------
Usage:
  set_property
    [-help]
    [-quiet]
    attribute
    value
    object
    [{>|>>} <stdoutFile>]
---------------------------------------------------------------------
incorrect argument "-dict" for "set_property" at line 162 of file C:/Users/hpoupard/Desktop/space_invaders/space_invaders.srcs/constrs_1/new/contrainte.xdc
incorrect set of required parameters for "set_property" at line 162 of file C:/Users/hpoupard/Desktop/space_invaders/space_invaders.srcs/constrs_1/new/contrainte.xdc
---------------------------------------------------------------------
Usage:
  set_property
    [-help]
    [-quiet]
    attribute
    value
    object
    [{>|>>} <stdoutFile>]
---------------------------------------------------------------------
incorrect argument "-dict" for "set_property" at line 163 of file C:/Users/hpoupard/Desktop/space_invaders/space_invaders.srcs/constrs_1/new/contrainte.xdc
incorrect set of required parameters for "set_property" at line 163 of file C:/Users/hpoupard/Desktop/space_invaders/space_invaders.srcs/constrs_1/new/contrainte.xdc
---------------------------------------------------------------------
Usage:
  set_property
    [-help]
    [-quiet]
    attribute
    value
    object
    [{>|>>} <stdoutFile>]
---------------------------------------------------------------------
incorrect argument "-dict" for "set_property" at line 164 of file C:/Users/hpoupard/Desktop/space_invaders/space_invaders.srcs/constrs_1/new/contrainte.xdc
incorrect set of required parameters for "set_property" at line 164 of file C:/Users/hpoupard/Desktop/space_invaders/space_invaders.srcs/constrs_1/new/contrainte.xdc
---------------------------------------------------------------------
Usage:
  set_property
    [-help]
    [-quiet]
    attribute
    value
    object
    [{>|>>} <stdoutFile>]
---------------------------------------------------------------------
incorrect argument "-dict" for "set_property" at line 166 of file C:/Users/hpoupard/Desktop/space_invaders/space_invaders.srcs/constrs_1/new/contrainte.xdc
incorrect set of required parameters for "set_property" at line 166 of file C:/Users/hpoupard/Desktop/space_invaders/space_invaders.srcs/constrs_1/new/contrainte.xdc
---------------------------------------------------------------------
Usage:
  set_property
    [-help]
    [-quiet]
    attribute
    value
    object
    [{>|>>} <stdoutFile>]
---------------------------------------------------------------------
incorrect argument "-dict" for "set_property" at line 167 of file C:/Users/hpoupard/Desktop/space_invaders/space_invaders.srcs/constrs_1/new/contrainte.xdc
incorrect set of required parameters for "set_property" at line 167 of file C:/Users/hpoupard/Desktop/space_invaders/space_invaders.srcs/constrs_1/new/contrainte.xdc
---------------------------------------------------------------------
Usage:
  set_property
    [-help]
    [-quiet]
    attribute
    value
    object
    [{>|>>} <stdoutFile>]
---------------------------------------------------------------------
incorrect argument "-dict" for "set_property" at line 168 of file C:/Users/hpoupard/Desktop/space_invaders/space_invaders.srcs/constrs_1/new/contrainte.xdc
incorrect set of required parameters for "set_property" at line 168 of file C:/Users/hpoupard/Desktop/space_invaders/space_invaders.srcs/constrs_1/new/contrainte.xdc
---------------------------------------------------------------------
Usage:
  set_property
    [-help]
    [-quiet]
    attribute
    value
    object
    [{>|>>} <stdoutFile>]
---------------------------------------------------------------------
incorrect argument "-dict" for "set_property" at line 169 of file C:/Users/hpoupard/Desktop/space_invaders/space_invaders.srcs/constrs_1/new/contrainte.xdc
incorrect set of required parameters for "set_property" at line 169 of file C:/Users/hpoupard/Desktop/space_invaders/space_invaders.srcs/constrs_1/new/contrainte.xdc
---------------------------------------------------------------------
Usage:
  set_property
    [-help]
    [-quiet]
    attribute
    value
    object
    [{>|>>} <stdoutFile>]
---------------------------------------------------------------------
incorrect argument "-dict" for "set_property" at line 171 of file C:/Users/hpoupard/Desktop/space_invaders/space_invaders.srcs/constrs_1/new/contrainte.xdc
incorrect set of required parameters for "set_property" at line 171 of file C:/Users/hpoupard/Desktop/space_invaders/space_invaders.srcs/constrs_1/new/contrainte.xdc
---------------------------------------------------------------------
Usage:
  set_property
    [-help]
    [-quiet]
    attribute
    value
    object
    [{>|>>} <stdoutFile>]
---------------------------------------------------------------------
incorrect argument "-dict" for "set_property" at line 172 of file C:/Users/hpoupard/Desktop/space_invaders/space_invaders.srcs/constrs_1/new/contrainte.xdc
incorrect set of required parameters for "set_property" at line 172 of file C:/Users/hpoupard/Desktop/space_invaders/space_invaders.srcs/constrs_1/new/contrainte.xdc
---------------------------------------------------------------------
Usage:
  set_property
    [-help]
    [-quiet]
    attribute
    value
    object
    [{>|>>} <stdoutFile>]
---------------------------------------------------------------------
---------------------------------------------------------------------------------
Finished Applying XDC Timing Constraints : Time (s): cpu = 00:00:17 ; elapsed = 00:00:19 . Memory (MB): peak = 609.320 ; gain = 430.039
---------------------------------------------------------------------------------
WARNING: [Synth 8-3332] Sequential element (\vga/screen_reg_mux_sel ) is unused and will be removed from module top_module.
WARNING: [Synth 8-3332] Sequential element (\vga/screen_reg_mux_sel__0 ) is unused and will be removed from module top_module.
WARNING: [Synth 8-3332] Sequential element (\vga/screen_reg_mux_sel__1 ) is unused and will be removed from module top_module.
WARNING: [Synth 8-3332] Sequential element (\vga/screen_reg_mux_sel__2 ) is unused and will be removed from module top_module.
WARNING: [Synth 8-3332] Sequential element (\vga/screen_reg_mux_sel__3 ) is unused and will be removed from module top_module.
WARNING: [Synth 8-3332] Sequential element (\vga/screen_reg_mux_sel__4 ) is unused and will be removed from module top_module.
WARNING: [Synth 8-3332] Sequential element (\vga/screen_reg_mux_sel__5 ) is unused and will be removed from module top_module.
WARNING: [Synth 8-3332] Sequential element (\vga/screen_reg_mux_sel__6 ) is unused and will be removed from module top_module.
WARNING: [Synth 8-3332] Sequential element (\vga/screen_reg_mux_sel__7 ) is unused and will be removed from module top_module.
WARNING: [Synth 8-3332] Sequential element (\vga/screen_reg_mux_sel__8 ) is unused and will be removed from module top_module.
WARNING: [Synth 8-3332] Sequential element (\vga/screen_reg_mux_sel__9 ) is unused and will be removed from module top_module.
INFO: [Common 17-14] Message 'Synth 8-3332' appears 100 times and further instances of the messages will be disabled. Use the Tcl command set_msg_config to change the current settings.
---------------------------------------------------------------------------------
Finished Timing Optimization : Time (s): cpu = 00:00:18 ; elapsed = 00:00:20 . Memory (MB): peak = 609.320 ; gain = 430.039
---------------------------------------------------------------------------------

Report RTL Partitions: 
+-+--------------+------------+----------+
| |RTL Partition |Replication |Instances |
+-+--------------+------------+----------+
+-+--------------+------------+----------+
---------------------------------------------------------------------------------
Start Technology Mapping
---------------------------------------------------------------------------------
INFO: [Synth 8-223] decloning instance '\vga/screen_reg_0_1 ' (RAMB36E1_2) to '\vga/screen_reg_0_0 '
INFO: [Synth 8-223] decloning instance '\vga/screen_reg_0_2 ' (RAMB36E1_2) to '\vga/screen_reg_0_0 '
INFO: [Synth 8-223] decloning instance '\vga/screen_reg_0_3 ' (RAMB36E1_2) to '\vga/screen_reg_0_0 '
INFO: [Synth 8-223] decloning instance '\vga/screen_reg_1_1 ' (RAMB36E1_3) to '\vga/screen_reg_1_0 '
INFO: [Synth 8-223] decloning instance '\vga/screen_reg_1_2 ' (RAMB36E1_3) to '\vga/screen_reg_1_0 '
INFO: [Synth 8-223] decloning instance '\vga/screen_reg_1_3 ' (RAMB36E1_3) to '\vga/screen_reg_1_0 '
INFO: [Synth 8-223] decloning instance '\vga/screen_reg_2_1 ' (RAMB36E1_2) to '\vga/screen_reg_2_0 '
INFO: [Synth 8-223] decloning instance '\vga/screen_reg_2_2 ' (RAMB36E1_2) to '\vga/screen_reg_2_0 '
INFO: [Synth 8-223] decloning instance '\vga/screen_reg_2_3 ' (RAMB36E1_2) to '\vga/screen_reg_2_0 '
INFO: [Synth 8-223] decloning instance '\vga/screen_reg_3_1 ' (RAMB36E1_3) to '\vga/screen_reg_3_0 '
INFO: [Synth 8-223] decloning instance '\vga/screen_reg_3_2 ' (RAMB36E1_3) to '\vga/screen_reg_3_0 '
INFO: [Synth 8-223] decloning instance '\vga/screen_reg_3_3 ' (RAMB36E1_3) to '\vga/screen_reg_3_0 '
INFO: [Synth 8-223] decloning instance '\vga/screen_reg_4_1 ' (RAMB36E1_2) to '\vga/screen_reg_4_0 '
INFO: [Synth 8-223] decloning instance '\vga/screen_reg_4_2 ' (RAMB36E1_2) to '\vga/screen_reg_4_0 '
INFO: [Synth 8-223] decloning instance '\vga/screen_reg_4_3 ' (RAMB36E1_2) to '\vga/screen_reg_4_0 '
INFO: [Synth 8-223] decloning instance '\vga/screen_reg_5_1 ' (RAMB36E1_3) to '\vga/screen_reg_5_0 '
INFO: [Synth 8-223] decloning instance '\vga/screen_reg_5_2 ' (RAMB36E1_3) to '\vga/screen_reg_5_0 '
INFO: [Synth 8-223] decloning instance '\vga/screen_reg_5_3 ' (RAMB36E1_3) to '\vga/screen_reg_5_0 '
INFO: [Synth 8-223] decloning instance '\vga/screen_reg_6_1 ' (RAMB36E1_2) to '\vga/screen_reg_6_0 '
INFO: [Synth 8-223] decloning instance '\vga/screen_reg_6_2 ' (RAMB36E1_2) to '\vga/screen_reg_6_0 '
INFO: [Synth 8-223] decloning instance '\vga/screen_reg_6_3 ' (RAMB36E1_2) to '\vga/screen_reg_6_0 '
INFO: [Synth 8-223] decloning instance '\vga/screen_reg_7_1 ' (RAMB36E1_3) to '\vga/screen_reg_7_0 '
INFO: [Synth 8-223] decloning instance '\vga/screen_reg_7_2 ' (RAMB36E1_3) to '\vga/screen_reg_7_0 '
INFO: [Synth 8-223] decloning instance '\vga/screen_reg_7_3 ' (RAMB36E1_3) to '\vga/screen_reg_7_0 '
INFO: [Synth 8-223] decloning instance '\vga/screen_reg_8_1 ' (RAMB36E1_2) to '\vga/screen_reg_8_0 '
INFO: [Synth 8-223] decloning instance '\vga/screen_reg_8_2 ' (RAMB36E1_2) to '\vga/screen_reg_8_0 '
INFO: [Synth 8-223] decloning instance '\vga/screen_reg_8_3 ' (RAMB36E1_2) to '\vga/screen_reg_8_0 '
INFO: [Synth 8-223] decloning instance '\vga/screen_reg_9_1 ' (RAMB36E1_3) to '\vga/screen_reg_9_0 '
INFO: [Synth 8-223] decloning instance '\vga/screen_reg_9_2 ' (RAMB36E1_3) to '\vga/screen_reg_9_0 '
INFO: [Synth 8-223] decloning instance '\vga/screen_reg_9_3 ' (RAMB36E1_3) to '\vga/screen_reg_9_0 '
INFO: [Synth 8-223] decloning instance '\vga/screen_reg_10_1 ' (RAMB36E1_2) to '\vga/screen_reg_10_0 '
INFO: [Synth 8-223] decloning instance '\vga/screen_reg_10_2 ' (RAMB36E1_2) to '\vga/screen_reg_10_0 '
INFO: [Synth 8-223] decloning instance '\vga/screen_reg_10_3 ' (RAMB36E1_2) to '\vga/screen_reg_10_0 '
INFO: [Synth 8-223] decloning instance '\vga/screen_reg_11_1 ' (RAMB36E1_3) to '\vga/screen_reg_11_0 '
INFO: [Synth 8-223] decloning instance '\vga/screen_reg_11_2 ' (RAMB36E1_3) to '\vga/screen_reg_11_0 '
INFO: [Synth 8-223] decloning instance '\vga/screen_reg_11_3 ' (RAMB36E1_3) to '\vga/screen_reg_11_0 '
INFO: [Synth 8-223] decloning instance '\vga/screen_reg_12_1 ' (RAMB36E1_2) to '\vga/screen_reg_12_0 '
INFO: [Synth 8-223] decloning instance '\vga/screen_reg_12_2 ' (RAMB36E1_2) to '\vga/screen_reg_12_0 '
INFO: [Synth 8-223] decloning instance '\vga/screen_reg_12_3 ' (RAMB36E1_2) to '\vga/screen_reg_12_0 '
INFO: [Synth 8-223] decloning instance '\vga/screen_reg_13_1 ' (RAMB36E1_3) to '\vga/screen_reg_13_0 '
INFO: [Synth 8-223] decloning instance '\vga/screen_reg_13_2 ' (RAMB36E1_3) to '\vga/screen_reg_13_0 '
INFO: [Synth 8-223] decloning instance '\vga/screen_reg_13_3 ' (RAMB36E1_3) to '\vga/screen_reg_13_0 '
INFO: [Synth 8-223] decloning instance '\vga/screen_reg_14_1 ' (RAMB36E1_2) to '\vga/screen_reg_14_0 '
INFO: [Synth 8-223] decloning instance '\vga/screen_reg_14_2 ' (RAMB36E1_2) to '\vga/screen_reg_14_0 '
INFO: [Synth 8-223] decloning instance '\vga/screen_reg_14_3 ' (RAMB36E1_2) to '\vga/screen_reg_14_0 '
INFO: [Synth 8-223] decloning instance '\vga/screen_reg_15_1 ' (RAMB36E1_3) to '\vga/screen_reg_15_0 '
INFO: [Synth 8-223] decloning instance '\vga/screen_reg_15_2 ' (RAMB36E1_3) to '\vga/screen_reg_15_0 '
INFO: [Synth 8-223] decloning instance '\vga/screen_reg_15_3 ' (RAMB36E1_3) to '\vga/screen_reg_15_0 '
INFO: [Synth 8-4480] The timing for the instance \vga/screen_reg_1_0  (implemented as a block RAM) might be sub-optimal as no optional output register could be merged into the block ram. Providing additional output register may help in improving timing.
INFO: [Synth 8-4480] The timing for the instance \vga/screen_reg_1_4  (implemented as a block RAM) might be sub-optimal as no optional output register could be merged into the block ram. Providing additional output register may help in improving timing.
INFO: [Synth 8-4480] The timing for the instance \vga/screen_reg_1_5  (implemented as a block RAM) might be sub-optimal as no optional output register could be merged into the block ram. Providing additional output register may help in improving timing.
INFO: [Synth 8-4480] The timing for the instance \vga/screen_reg_3_0  (implemented as a block RAM) might be sub-optimal as no optional output register could be merged into the block ram. Providing additional output register may help in improving timing.
INFO: [Synth 8-4480] The timing for the instance \vga/screen_reg_3_4  (implemented as a block RAM) might be sub-optimal as no optional output register could be merged into the block ram. Providing additional output register may help in improving timing.
INFO: [Synth 8-4480] The timing for the instance \vga/screen_reg_3_5  (implemented as a block RAM) might be sub-optimal as no optional output register could be merged into the block ram. Providing additional output register may help in improving timing.
INFO: [Synth 8-4480] The timing for the instance \vga/screen_reg_5_0  (implemented as a block RAM) might be sub-optimal as no optional output register could be merged into the block ram. Providing additional output register may help in improving timing.
INFO: [Synth 8-4480] The timing for the instance \vga/screen_reg_5_4  (implemented as a block RAM) might be sub-optimal as no optional output register could be merged into the block ram. Providing additional output register may help in improving timing.
INFO: [Synth 8-4480] The timing for the instance \vga/screen_reg_5_5  (implemented as a block RAM) might be sub-optimal as no optional output register could be merged into the block ram. Providing additional output register may help in improving timing.
INFO: [Synth 8-4480] The timing for the instance \vga/screen_reg_7_0  (implemented as a block RAM) might be sub-optimal as no optional output register could be merged into the block ram. Providing additional output register may help in improving timing.
INFO: [Synth 8-4480] The timing for the instance \vga/screen_reg_7_4  (implemented as a block RAM) might be sub-optimal as no optional output register could be merged into the block ram. Providing additional output register may help in improving timing.
INFO: [Synth 8-4480] The timing for the instance \vga/screen_reg_7_5  (implemented as a block RAM) might be sub-optimal as no optional output register could be merged into the block ram. Providing additional output register may help in improving timing.
INFO: [Synth 8-4480] The timing for the instance \vga/screen_reg_9_0  (implemented as a block RAM) might be sub-optimal as no optional output register could be merged into the block ram. Providing additional output register may help in improving timing.
INFO: [Synth 8-4480] The timing for the instance \vga/screen_reg_9_4  (implemented as a block RAM) might be sub-optimal as no optional output register could be merged into the block ram. Providing additional output register may help in improving timing.
INFO: [Synth 8-4480] The timing for the instance \vga/screen_reg_9_5  (implemented as a block RAM) might be sub-optimal as no optional output register could be merged into the block ram. Providing additional output register may help in improving timing.
INFO: [Synth 8-4480] The timing for the instance \vga/screen_reg_11_0  (implemented as a block RAM) might be sub-optimal as no optional output register could be merged into the block ram. Providing additional output register may help in improving timing.
INFO: [Synth 8-4480] The timing for the instance \vga/screen_reg_11_4  (implemented as a block RAM) might be sub-optimal as no optional output register could be merged into the block ram. Providing additional output register may help in improving timing.
INFO: [Synth 8-4480] The timing for the instance \vga/screen_reg_11_5  (implemented as a block RAM) might be sub-optimal as no optional output register could be merged into the block ram. Providing additional output register may help in improving timing.
INFO: [Synth 8-4480] The timing for the instance \vga/screen_reg_13_0  (implemented as a block RAM) might be sub-optimal as no optional output register could be merged into the block ram. Providing additional output register may help in improving timing.
INFO: [Synth 8-4480] The timing for the instance \vga/screen_reg_13_4  (implemented as a block RAM) might be sub-optimal as no optional output register could be merged into the block ram. Providing additional output register may help in improving timing.
INFO: [Synth 8-4480] The timing for the instance \vga/screen_reg_13_5  (implemented as a block RAM) might be sub-optimal as no optional output register could be merged into the block ram. Providing additional output register may help in improving timing.
INFO: [Synth 8-4480] The timing for the instance \vga/screen_reg_15_0  (implemented as a block RAM) might be sub-optimal as no optional output register could be merged into the block ram. Providing additional output register may help in improving timing.
INFO: [Synth 8-4480] The timing for the instance \vga/screen_reg_15_4  (implemented as a block RAM) might be sub-optimal as no optional output register could be merged into the block ram. Providing additional output register may help in improving timing.
INFO: [Synth 8-4480] The timing for the instance \vga/screen_reg_15_5  (implemented as a block RAM) might be sub-optimal as no optional output register could be merged into the block ram. Providing additional output register may help in improving timing.
---------------------------------------------------------------------------------
Finished Technology Mapping : Time (s): cpu = 00:00:19 ; elapsed = 00:00:20 . Memory (MB): peak = 616.246 ; gain = 436.965
---------------------------------------------------------------------------------

Report RTL Partitions: 
+-+--------------+------------+----------+
| |RTL Partition |Replication |Instances |
+-+--------------+------------+----------+
+-+--------------+------------+----------+
---------------------------------------------------------------------------------
Start IO Insertion
---------------------------------------------------------------------------------
---------------------------------------------------------------------------------
Start Final Netlist Cleanup
---------------------------------------------------------------------------------
---------------------------------------------------------------------------------
Finished Final Netlist Cleanup
---------------------------------------------------------------------------------
---------------------------------------------------------------------------------
Finished IO Insertion : Time (s): cpu = 00:00:19 ; elapsed = 00:00:21 . Memory (MB): peak = 616.246 ; gain = 436.965
---------------------------------------------------------------------------------

Report Check Netlist: 
+------+------------------+-------+---------+-------+------------------+
|      |Item              |Errors |Warnings |Status |Description       |
+------+------------------+-------+---------+-------+------------------+
|1     |multi_driven_nets |      0|        0|Passed |Multi driven nets |
+------+------------------+-------+---------+-------+------------------+
---------------------------------------------------------------------------------
Start Renaming Generated Instances
---------------------------------------------------------------------------------
---------------------------------------------------------------------------------
Finished Renaming Generated Instances : Time (s): cpu = 00:00:19 ; elapsed = 00:00:21 . Memory (MB): peak = 616.246 ; gain = 436.965
---------------------------------------------------------------------------------

Report RTL Partitions: 
+-+--------------+------------+----------+
| |RTL Partition |Replication |Instances |
+-+--------------+------------+----------+
+-+--------------+------------+----------+
---------------------------------------------------------------------------------
Start Rebuilding User Hierarchy
---------------------------------------------------------------------------------
---------------------------------------------------------------------------------
Finished Rebuilding User Hierarchy : Time (s): cpu = 00:00:19 ; elapsed = 00:00:21 . Memory (MB): peak = 616.246 ; gain = 436.965
---------------------------------------------------------------------------------
---------------------------------------------------------------------------------
Start Renaming Generated Ports : Time (s): cpu = 00:00:19 ; elapsed = 00:00:21 . Memory (MB): peak = 616.246 ; gain = 436.965
---------------------------------------------------------------------------------
---------------------------------------------------------------------------------
Finished Renaming Generated Ports : Time (s): cpu = 00:00:19 ; elapsed = 00:00:21 . Memory (MB): peak = 616.246 ; gain = 436.965
---------------------------------------------------------------------------------
---------------------------------------------------------------------------------
Start Writing Synthesis Report
---------------------------------------------------------------------------------

Report BlackBoxes: 
+-+--------------+----------+
| |BlackBox name |Instances |
+-+--------------+----------+
+-+--------------+----------+

Report Cell Usage: 
+------+-----------+------+
|      |Cell       |Count |
+------+-----------+------+
|1     |BUFG       |     1|
|2     |CARRY4     |    22|
|3     |LUT1       |    88|
|4     |LUT2       |    32|
|5     |LUT3       |    23|
|6     |LUT4       |    12|
|7     |LUT5       |     7|
|8     |LUT6       |    25|
|9     |MUXF7      |     6|
|10    |RAMB36E1_2 |    24|
|11    |RAMB36E1_3 |    24|
|12    |FDRE       |   175|
|13    |IBUF       |     2|
|14    |OBUF       |    14|
+------+-----------+------+

Report Instance Areas: 
+------+---------+--------------+------+
|      |Instance |Module        |Cells |
+------+---------+--------------+------+
|1     |top      |              |   455|
|2     |  cm     |charg_memoire |   150|
|3     |  vga    |vga_640_480   |   288|
+------+---------+--------------+------+
---------------------------------------------------------------------------------
Finished Writing Synthesis Report : Time (s): cpu = 00:00:19 ; elapsed = 00:00:21 . Memory (MB): peak = 616.246 ; gain = 436.965
---------------------------------------------------------------------------------
Synthesis finished with 0 errors, 0 critical warnings and 251 warnings.
Synthesis Optimization Runtime : Time (s): cpu = 00:00:12 ; elapsed = 00:00:15 . Memory (MB): peak = 616.246 ; gain = 120.684
Synthesis Optimization Complete : Time (s): cpu = 00:00:19 ; elapsed = 00:00:21 . Memory (MB): peak = 616.246 ; gain = 436.965
INFO: [Project 1-571] Translating synthesized netlist
INFO: [Netlist 29-17] Analyzing 72 Unisim elements for replacement
INFO: [Netlist 29-28] Unisim Transformation completed in 0 CPU seconds
INFO: [Project 1-570] Preparing netlist for logic optimization
INFO: [Opt 31-138] Pushed 0 inverter(s) to 0 load pin(s).
INFO: [Project 1-111] Unisim Transformation Summary:
No Unisim elements were transformed.

INFO: [Common 17-83] Releasing license: Synthesis
106 Infos, 100 Warnings, 0 Critical Warnings and 0 Errors encountered.
synth_design completed successfully
synth_design: Time (s): cpu = 00:00:18 ; elapsed = 00:00:20 . Memory (MB): peak = 616.246 ; gain = 404.215
report_utilization: Time (s): cpu = 00:00:00 ; elapsed = 00:00:00.030 . Memory (MB): peak = 616.246 ; gain = 0.000
INFO: [Common 17-206] Exiting Vivado at Wed Nov 08 12:35:11 2017...
